srun: TimeLimit is 1-00:00:00
running script
Metrics data:
   JobName: [echo]
   JobStep: [1417042.0]
   JobName: [echo]
   TimeReq: [1-00:00:00]
  TimeUsed: [00:00:00]
   CPUsReq: [4]
   CPUtime: [00:00:00]
    MemReq: [6000Mn]
   MemUsed: []
FAIL: Missing required data for usage metrics!
srun: TimeLimit is 1-00:00:00
Begining BWA Alignment
Running BWA mem aligner
[M::bwa_idx_load_from_disk] read 0 ALT contigs
[M::process] read 165072 sequences (15466242 bp)...
[M::mem_pestat] # candidate unique pairs for (FF, FR, RF, RR): (0, 8, 0, 0)
[M::mem_pestat] skip orientation FF as there are not enough pairs
[M::mem_pestat] skip orientation FR as there are not enough pairs
[M::mem_pestat] skip orientation RF as there are not enough pairs
[M::mem_pestat] skip orientation RR as there are not enough pairs
[M::mem_process_seqs] Processed 165072 reads in 58.263 CPU sec, 14.692 real sec
[main] Version: 0.7.17-r1188
[main] CMD: bwa mem -t 4 hg19/hg19.fa outputs/fastq_trimmed/SRR8652105_pass_1.trimmed.fastq.gz outputs/fastq_trimmed/SRR8652105_pass_2.trimmed.fastq.gz
[main] Real time: 20.944 sec; CPU: 63.320 sec
finished alignment
Metrics data:
   JobName: [bash]
   JobStep: [1417042.1]
   JobName: [bash]
   TimeReq: [1-00:00:00]
  TimeUsed: [00:00:22]
   CPUsReq: [4]
   CPUtime: [00:00:00]
    MemReq: [6000Mn]
   MemUsed: []
FAIL: Missing required data for usage metrics!
srun: TimeLimit is 1-00:00:00
end of script
Metrics data:
   JobName: [echo]
   JobStep: [1417042.2]
   JobName: [echo]
   TimeReq: [1-00:00:00]
  TimeUsed: [00:00:06]
   CPUsReq: [4]
   CPUtime: [00:00:00]
    MemReq: [6000Mn]
   MemUsed: []
FAIL: Missing required data for usage metrics!
1417042           RUNNING 2019-07-30T12:26:28     1-00:00:00     0-00:00:30   0.0     4-00:00:00     0-00:00:56   0.0      6G     215M   3.6 Index_hg19
