srun: TimeLimit is 1-00:00:00
running script
Metrics data:
   JobName: []
   JobStep: [1417046.0]
   JobName: []
   TimeReq: []
  TimeUsed: []
   CPUsReq: []
   CPUtime: []
    MemReq: []
   MemUsed: []
FAIL: Missing required data for usage metrics!
srun: TimeLimit is 1-00:00:00
Begining BWA Alignment
Running BWA mem aligner
[M::bwa_idx_load_from_disk] read 0 ALT contigs
[M::process] read 165072 sequences (15466242 bp)...
[M::mem_pestat] # candidate unique pairs for (FF, FR, RF, RR): (0, 8, 0, 0)
[M::mem_pestat] skip orientation FF as there are not enough pairs
[M::mem_pestat] skip orientation FR as there are not enough pairs
[M::mem_pestat] skip orientation RF as there are not enough pairs
[M::mem_pestat] skip orientation RR as there are not enough pairs
[M::mem_process_seqs] Processed 165072 reads in 58.247 CPU sec, 14.676 real sec
[main] Version: 0.7.17-r1188
[main] CMD: bwa mem -t 4 -P hg19/hg19.fa outputs/fastq_trimmed/SRR8652105_pass_1.trimmed.fastq.gz outputs/fastq_trimmed/SRR8652105_pass_2.trimmed.fastq.gz
[main] Real time: 19.505 sec; CPU: 62.872 sec
finished alignment
Metrics data:
   JobName: [bash]
   JobStep: [1417046.1]
   JobName: [bash]
   TimeReq: [1-00:00:00]
  TimeUsed: [00:00:21]
   CPUsReq: [4]
   CPUtime: [00:00:00]
    MemReq: [6000Mn]
   MemUsed: []
FAIL: Missing required data for usage metrics!
srun: TimeLimit is 1-00:00:00
end of script
Metrics data:
   JobName: [echo]
   JobStep: [1417046.2]
   JobName: [echo]
   TimeReq: [1-00:00:00]
  TimeUsed: [00:00:01]
   CPUsReq: [4]
   CPUtime: [00:00:00]
    MemReq: [6000Mn]
   MemUsed: []
FAIL: Missing required data for usage metrics!
1417046           RUNNING 2019-07-30T12:35:54     1-00:00:00     0-00:00:24   0.0     4-00:00:00     0-00:00:56   0.0      6G     215M   3.6 Index_hg19
