srun: TimeLimit is 1-00:00:00
running script
Metrics data:
   JobName: [echo]
   JobStep: [1417040.0]
   JobName: [echo]
   TimeReq: [1-00:00:00]
  TimeUsed: [00:00:06]
   CPUsReq: [4]
   CPUtime: [00:00:00]
    MemReq: [6000Mn]
   MemUsed: []
FAIL: Missing required data for usage metrics!
srun: TimeLimit is 1-00:00:00
Begining BWA Alignment
Running BWA mem aligner
/home/STUDENT/harjo391/JRA/JRA_5_TFBS_Fn14_Promoter/scripts/bwa_variant_calling.sh: line 32: results/sam/SRR8652105.aligned.sam: No such file or directory
Metrics data:
   JobName: [bash]
   JobStep: [1417040.1]
   JobName: [bash]
   TimeReq: [1-00:00:00]
  TimeUsed: [00:00:01]
   CPUsReq: [4]
   CPUtime: [00:00:00]
    MemReq: [6000Mn]
   MemUsed: []
FAIL: Missing required data for usage metrics!
srun: error: dsmc2: task 0: Exited with exit code 1
srun: TimeLimit is 1-00:00:00
end of script
Metrics data:
   JobName: [echo]
   JobStep: [1417040.2]
   JobName: [echo]
   TimeReq: [1-00:00:00]
  TimeUsed: [00:00:00]
   CPUsReq: [4]
   CPUtime: [00:00:00]
    MemReq: [6000Mn]
   MemUsed: []
FAIL: Missing required data for usage metrics!
1417040           RUNNING 2019-07-30T12:21:27     1-00:00:00     0-00:00:10   0.0     4-00:00:00     0-00:00:00   0.0      6G     215M   3.6 Index_hg19
