srun: TimeLimit is 1-00:00:00
Metrics data:
   JobName: [cd]
   JobStep: [1416944.0]
   JobName: [cd]
   TimeReq: [1-00:00:00]
  TimeUsed: [00:00:07]
   CPUsReq: [4]
   CPUtime: [00:00:00]
    MemReq: [50000Mn]
   MemUsed: []
FAIL: Missing required data for usage metrics!
srun: TimeLimit is 1-00:00:00
/usr/bin/bash: scripts/bwa_variant_calling.sh: No such file or directory
Metrics data:
   JobName: [bash]
   JobStep: [1416944.1]
   JobName: [bash]
   TimeReq: [1-00:00:00]
  TimeUsed: [00:00:01]
   CPUsReq: [4]
   CPUtime: [00:00:00]
    MemReq: [50000Mn]
   MemUsed: []
FAIL: Missing required data for usage metrics!
srun: error: dsmc3: task 0: Exited with exit code 127
srun: TimeLimit is 1-00:00:00
end of script
Metrics data:
   JobName: [echo]
   JobStep: [1416944.2]
   JobName: [echo]
   TimeReq: [1-00:00:00]
  TimeUsed: [00:00:01]
   CPUsReq: [4]
   CPUtime: [00:00:00]
    MemReq: [50000Mn]
   MemUsed: []
FAIL: Missing required data for usage metrics!
1416944           RUNNING 2019-07-29T15:06:40     1-00:00:00     0-00:00:11   0.0     4-00:00:00     0-00:00:00   0.0     49G     215M   0.4 Index_hg19
