srun: TimeLimit is 1-00:00:00
running script
Metrics data:
   JobName: []
   JobStep: [1416947.0]
   JobName: []
   TimeReq: []
  TimeUsed: []
   CPUsReq: []
   CPUtime: []
    MemReq: []
   MemUsed: []
FAIL: Missing required data for usage metrics!
srun: TimeLimit is 1-00:00:00
Begining BWA Alignment
Indexing hg19 reference
[bwa_index] Pack FASTA... 30.08 sec
[bwa_index] Construct BWT for the packed sequence...
[BWTIncCreate] textLength=6274322528, availableWord=453484340
[BWTIncConstructFromPacked] 10 iterations done. 100000000 characters processed.
[BWTIncConstructFromPacked] 20 iterations done. 200000000 characters processed.
[BWTIncConstructFromPacked] 30 iterations done. 300000000 characters processed.
[BWTIncConstructFromPacked] 40 iterations done. 400000000 characters processed.
[BWTIncConstructFromPacked] 50 iterations done. 500000000 characters processed.
[BWTIncConstructFromPacked] 60 iterations done. 600000000 characters processed.
[BWTIncConstructFromPacked] 70 iterations done. 700000000 characters processed.
[BWTIncConstructFromPacked] 80 iterations done. 800000000 characters processed.
[BWTIncConstructFromPacked] 90 iterations done. 900000000 characters processed.
[BWTIncConstructFromPacked] 100 iterations done. 1000000000 characters processed.
[BWTIncConstructFromPacked] 110 iterations done. 1100000000 characters processed.
[BWTIncConstructFromPacked] 120 iterations done. 1200000000 characters processed.
[BWTIncConstructFromPacked] 130 iterations done. 1300000000 characters processed.
[BWTIncConstructFromPacked] 140 iterations done. 1400000000 characters processed.
